Verifpal 0.27.4 - https://verifpal.com
  Warning - Verifpal is Beta software.
 Verifpal - Parsing model 'stateless-ra.vp'...
 Verifpal - Verification initiated for 'stateless-ra.vp' at 02:56:00 PM.
     Info - Attacker is configured as active.
     Info - Running at phase 0.
 Analysis - Constructed skeleton CONCAT(nil, nil, nil) based on CONCAT(timestamp, eui64_iotgw, nonce).
 Analysis - Constructed skeleton ENC(nil, AEAD_ENC(nil, CONCAT(nil, nil, nil), nil)) based on ENC(iotgw_dummy_key, AEAD_ENC(verifier_key, CONCAT(timestamp, eui64_iotgw, nonce), nil)).
 Analysis - Constructed skeleton SIGNVERIF(G^nil, DEC(nil, ENC(nil, AEAD_ENC(nil, CONCAT(nil, nil, nil), nil))), SIGN(nil, AEAD_ENC(nil, CONCAT(nil, nil, nil), nil))) based on SIGNVERIF(G^iotgw_attest_privkey, DEC(iotgw_dummy_key, ENC(iotgw_dummy_key, AEAD_ENC(verifier_key, CONCAT(timestamp, eui64_iotgw, nonce), nil))), SIGN(iotgw_attest_privkey, AEAD_ENC(verifier_key, CONCAT(timestamp, eui64_iotgw, nonce), nil)))?.
 Analysis - Constructed skeleton AEAD_DEC(nil, DEC(nil, ENC(nil, AEAD_ENC(nil, CONCAT(nil, nil, nil), nil))), nil) based on AEAD_DEC(verifier_key, DEC(iotgw_dummy_key, ENC(iotgw_dummy_key, AEAD_ENC(verifier_key, CONCAT(timestamp, eui64_iotgw, nonce), nil))), nil)?.
 Analysis - Constructed skeleton SPLIT(AEAD_DEC(nil, DEC(nil, ENC(nil, AEAD_ENC(nil, CONCAT(nil, nil, nil), nil))), nil)) based on SPLIT(AEAD_DEC(verifier_key, DEC(iotgw_dummy_key, ENC(iotgw_dummy_key, AEAD_ENC(verifier_key, CONCAT(timestamp, eui64_iotgw, nonce), nil))), nil)?).
 Analysis - Constructed skeleton SPLIT(AEAD_DEC(nil, DEC(nil, ENC(nil, AEAD_ENC(nil, CONCAT(nil, nil, nil), nil))), nil)) based on SPLIT(AEAD_DEC(verifier_key, DEC(iotgw_dummy_key, ENC(iotgw_dummy_key, AEAD_ENC(verifier_key, CONCAT(timestamp, eui64_iotgw, nonce), nil))), nil)?).
 Analysis - Constructed skeleton SPLIT(AEAD_DEC(nil, DEC(nil, ENC(nil, AEAD_ENC(nil, CONCAT(nil, nil, nil), nil))), nil)) based on SPLIT(AEAD_DEC(verifier_key, DEC(iotgw_dummy_key, ENC(iotgw_dummy_key, AEAD_ENC(verifier_key, CONCAT(timestamp, eui64_iotgw, nonce), nil))), nil)?).
 Analysis - Initializing Stage 1 mutation map for Iotgw...
 Analysis - Initializing Stage 1 mutation map for Verifier...
 Analysis - Initializing Stage 3 mutation map for Iotgw...
Deduction - Output of AEAD_ENC(nil, CONCAT(nil, nil, nil), nil) obtained by decomposing ENC(nil, AEAD_ENC(nil, CONCAT(nil, nil, nil), nil)) with nil. (Analysis 2)
 Analysis - Initializing Stage 2 mutation map for Iotgw...
Deduction - Output of DEC(nil, ENC(nil, AEAD_ENC(nil, CONCAT(nil, nil, nil), nil))) obtained by decomposing AEAD_DEC(nil, DEC(nil, ENC(nil, AEAD_ENC(nil, CONCAT(nil, nil, nil), nil))), nil) with nil. (Analysis 2)
Deduction - Output of SIGN(iotgw_attest_privkey, AEAD_ENC(nil, CONCAT(nil, nil, nil), nil)) obtained by equivalizing with the current resolution of response_signature. (Analysis 2)
 Analysis - Initializing Stage 2 mutation map for Verifier...
 Analysis - Initializing Stage 3 mutation map for Verifier...
Deduction - Output of SIGN(nil, AEAD_ENC(verifier_key, CONCAT(timestamp, eui64_iotgw, nonce), nil)) obtained by reconstructing with nil, AEAD_ENC(verifier_key, CONCAT(timestamp, eui64_iotgw, nonce), nil). (Analysis 4)
 Analysis - Initializing Stage 5 mutation map for Iotgw...
 Analysis - Initializing Stage 4 mutation map for Iotgw...
 Analysis - Initializing Stage 5 mutation map for Verifier...
 Analysis - Initializing Stage 4 mutation map for Verifier...
Deduction - Output of SIGN(nil, AEAD_ENC(nil, CONCAT(nil, nil, nil), nil)) obtained by reconstructing with nil, AEAD_ENC(nil, CONCAT(nil, nil, nil), nil). (Analysis 24)
 Analysis - Initializing Stage 6 mutation map for Iotgw...
 Analysis - Initializing Stage 6 mutation map for Verifier...
 Stage 6, Analysis 43...

 Verifpal - Verification completed for 'stateless-ra.vp' at 02:56:00 PM.
 Verifpal - All queries pass.

 Verifpal - Thank you for using Verifpal.
